Invalid login attempt: Username=admin, Timestamp=2024-03-14 14:03:51
Invalid login attempt: Username=admin, Timestamp=2024-03-14 14:04:09
Invalid login attempt: Username=admin, Timestamp=2024-03-14 14:04:19
Invalid login attempt: Username=admin, Timestamp=2024-03-14 14:11:14
Invalid login attempt: Username=admin, Timestamp=2024-03-14 14:11:29
Invalid login attempt: Username=mahodi, Timestamp=2024-03-14 14:11:45
Invalid login attempt: Username=hassam, Timestamp=2024-03-14 14:31:15
Invalid login attempt: Username=adin, Timestamp=2024-03-14 14:33:13
Invalid login attempt: Username=usdafids, Timestamp=2024-03-14 14:33:21
Invalid login attempt: Username=ASUDIA, Timestamp=2024-03-14 14:34:01
Invalid login attempt: Username=server, Timestamp=2024-03-14 14:45:51
Invalid login attempt: Username=server, Timestamp=2024-03-14 15:35:15
Invalid login attempt: Username=asdbha, Timestamp=2024-03-14 15:35:24
Invalid login attempt: Username=dvshau, Timestamp=2024-03-14 15:35:32
Invalid login attempt: Username=ufev, Timestamp=2024-03-14 15:35:39
Invalid login attempt: Username=server, Timestamp=2024-03-14 15:37:03
Invalid login attempt: Username=hidhfiuhd, Timestamp=2024-03-14 15:37:09
Invalid login attempt: Username=udshfigiudh, Timestamp=2024-03-14 15:37:14
Invalid login attempt: Username=uidgshiugdsh, Timestamp=2024-03-14 15:37:19
Invalid login attempt: Username=hsdbh, Timestamp=2024-03-14 15:39:39
Invalid login attempt: Username=uhfdh, Timestamp=2024-03-14 15:39:45
Invalid login attempt: Username=hsman, Timestamp=2024-03-14 15:39:54
Invalid login attempt: Username=fdgd, Timestamp=2024-03-14 15:51:31
Invalid login attempt: Username=sdfgsd, Timestamp=2024-03-14 15:51:36
Invalid login attempt: Username=sdfgd, Timestamp=2024-03-14 15:51:42
Invalid login attempt: Username=server, Timestamp=2024-03-14 16:37:00
Invalid login attempt: Username=server, Timestamp=2024-03-14 16:37:37
Invalid login attempt: Username=server, Timestamp=2024-03-14 16:41:17
Invalid login attempt: Username=, Timestamp=2024-03-14 16:41:26
Invalid login attempt: Username=server, Timestamp=2024-03-14 16:41:35
